number,value,datetime_start,datetime_complete,duration,params_activation,params_alpha,params_batch_size,params_hidden_layer_sizes,params_k_features,params_learning_rate_init,user_attrs_rmse_cv_std,state
0,0.3420453572440474,2026-06-20 01:11:44.026887,2026-06-20 01:11:44.875002,0 days 00:00:00.848115,relu,0.00014263802237965593,64,"(128,)",69,0.004864092642919887,0.012911722758182696,COMPLETE
1,0.33067203485369967,2026-06-20 01:11:44.875137,2026-06-20 01:11:46.012318,0 days 00:00:01.137181,tanh,0.008157697868860083,128,"(128, 64)",74,0.003243244203431514,0.016508139141564876,COMPLETE
2,0.3528963223898001,2026-06-20 01:11:46.012450,2026-06-20 01:11:46.884280,0 days 00:00:00.871830,tanh,5.606751484634179e-06,128,"(32,)",52,0.00047206336346790486,0.006502671970978733,COMPLETE
3,0.3243952649719831,2026-06-20 01:11:46.884411,2026-06-20 01:11:48.164393,0 days 00:00:01.279982,tanh,0.0010431549178481342,16,"(64,)",71,0.0003990659234492281,0.009403729045911104,COMPLETE
4,0.3216345871676901,2026-06-20 01:11:48.164519,2026-06-20 01:11:49.669694,0 days 00:00:01.505175,tanh,1.3011055712525332e-06,32,"(128,)",97,0.00012747141660844803,0.008631890451445821,COMPLETE
5,0.3382902602638194,2026-06-20 01:11:49.669821,2026-06-20 01:11:50.404113,0 days 00:00:00.734292,relu,2.5014128801042004e-05,64,"(64, 32)",64,0.008143220594519341,0.010140449340553914,COMPLETE
6,0.32519923602236067,2026-06-20 01:11:50.404238,2026-06-20 01:11:52.037236,0 days 00:00:01.632998,tanh,1.0886390947746876e-06,32,"(64, 32)",26,0.00027095310612820105,0.008373500860779948,COMPLETE
7,0.32936561008334575,2026-06-20 01:11:52.037356,2026-06-20 01:11:52.859092,0 days 00:00:00.821736,tanh,0.004093897791412555,64,"(64, 32)",23,0.0005276908865845106,0.010786758991858821,COMPLETE
8,0.3406341088101378,2026-06-20 01:11:52.859222,2026-06-20 01:11:53.817781,0 days 00:00:00.958559,tanh,5.664070460494444e-06,32,"(64, 32)",81,0.007214240912933421,0.011835095191453015,COMPLETE
9,0.3426130524701158,2026-06-20 01:11:53.817897,2026-06-20 01:11:54.661895,0 days 00:00:00.843998,relu,3.8112804390621745e-06,32,"(128,)",13,0.000867339224422102,0.018809919506101974,COMPLETE
10,0.3333516512940769,2026-06-20 01:11:54.662029,2026-06-20 01:11:57.601648,0 days 00:00:02.939619,relu,0.0002012766954030738,16,"(128, 64, 32)",100,0.00011759795458240145,0.01614429342928203,COMPLETE
11,0.32575289962825044,2026-06-20 01:11:57.601778,2026-06-20 01:11:59.640517,0 days 00:00:02.038739,tanh,0.0006256560252803998,16,"(64,)",98,0.00010885219073083607,0.009260975012817231,COMPLETE
12,0.3238704606701766,2026-06-20 01:11:59.640643,2026-06-20 01:12:01.220747,0 days 00:00:01.580104,tanh,0.001165955492391503,16,"(64,)",47,0.00022123711287743214,0.010146618111663192,COMPLETE
13,0.3271733556456286,2026-06-20 01:12:01.220874,2026-06-20 01:12:02.653013,0 days 00:00:01.432139,tanh,3.816982690405858e-05,16,"(64,)",45,0.0001944528464248988,0.008418479499619701,COMPLETE
14,0.3265976080690825,2026-06-20 01:12:02.653136,2026-06-20 01:12:03.475714,0 days 00:00:00.822578,tanh,3.2584461251532085e-05,32,"(128,)",42,0.0013556399652027973,0.009559988863604702,COMPLETE
15,0.3238300974626555,2026-06-20 01:12:03.475850,2026-06-20 01:12:05.437720,0 days 00:00:01.961870,tanh,1.0097802608055188e-06,16,"(128, 64, 32)",85,0.0001770574265440003,0.011161944332213423,COMPLETE
16,0.3228970671098847,2026-06-20 01:12:05.437853,2026-06-20 01:12:06.940190,0 days 00:00:01.502337,tanh,1.168306644947529e-06,32,"(128, 64, 32)",87,0.00015445265024048154,0.011420762144062497,COMPLETE
17,0.3220497310856499,2026-06-20 01:12:06.940318,2026-06-20 01:12:08.631148,0 days 00:00:01.690830,tanh,2.8080802533608505e-06,32,"(128, 64, 32)",90,0.00010780654506842993,0.009198834472841711,COMPLETE
18,0.35801507821561396,2026-06-20 01:12:08.631285,2026-06-20 01:12:11.322068,0 days 00:00:02.690783,relu,1.1557564730355296e-05,32,"(32,)",91,0.00010897472505797666,0.01947540313518082,COMPLETE
19,0.3313829178926848,2026-06-20 01:12:11.322198,2026-06-20 01:12:12.720221,0 days 00:00:01.398023,tanh,2.7041691489377483e-06,32,"(128, 64)",60,0.00029027965470496695,0.015912236586204727,COMPLETE
20,0.3347002949441925,2026-06-20 01:12:12.720357,2026-06-20 01:12:14.220677,0 days 00:00:01.500320,tanh,1.5057213392084015e-05,32,"(128, 64, 32)",93,0.0008205297874743418,0.012934717747521432,COMPLETE
21,0.32289310463387455,2026-06-20 01:12:14.220804,2026-06-20 01:12:15.935260,0 days 00:00:01.714456,tanh,1.8786783514197868e-06,32,"(128, 64, 32)",84,0.00015399451931202195,0.011411447081226536,COMPLETE
22,0.3227671410563262,2026-06-20 01:12:15.935401,2026-06-20 01:12:17.625331,0 days 00:00:01.689930,tanh,2.826135075862697e-06,32,"(128, 64, 32)",79,0.0001507112620308078,0.011226839229136358,COMPLETE
23,0.32102443560891347,2026-06-20 01:12:17.625456,2026-06-20 01:12:18.597642,0 days 00:00:00.972186,tanh,8.187988079570184e-06,32,"(128,)",80,0.0003137502685556457,0.009327753274958958,COMPLETE
24,0.3242017892898431,2026-06-20 01:12:18.597769,2026-06-20 01:12:19.487197,0 days 00:00:00.889428,tanh,9.392887299658951e-06,128,"(128,)",93,0.00035256289705078956,0.00962887143119518,COMPLETE
25,0.3239913490467115,2026-06-20 01:12:19.487327,2026-06-20 01:12:20.360360,0 days 00:00:00.873033,tanh,6.850273111083313e-05,32,"(128,)",76,0.0007475137919047051,0.010838375878888735,COMPLETE
26,0.33421442686541364,2026-06-20 01:12:20.360487,2026-06-20 01:12:21.667362,0 days 00:00:01.306875,relu,6.691183728706368e-06,32,"(128,)",99,0.00027248715203996294,0.01403577992726277,COMPLETE
27,0.32680755587736876,2026-06-20 01:12:21.667476,2026-06-20 01:12:22.555287,0 days 00:00:00.887811,tanh,2.0479737749917312e-06,32,"(128,)",62,0.0014543587624202563,0.010348261743986845,COMPLETE
28,0.3209773480891585,2026-06-20 01:12:22.555422,2026-06-20 01:12:24.085432,0 days 00:00:01.530010,tanh,1.6034372479825313e-05,32,"(128,)",89,0.00010127815403888885,0.008464141639481641,COMPLETE
29,0.33545909644457045,2026-06-20 01:12:24.085564,2026-06-20 01:12:25.605710,0 days 00:00:01.520146,relu,9.482413702532843e-05,64,"(128,)",79,0.00021138585573156305,0.014830162442650315,COMPLETE
30,0.3263481587966751,2026-06-20 01:12:25.605834,2026-06-20 01:12:26.404028,0 days 00:00:00.798194,tanh,1.6113459744860515e-05,128,"(128,)",68,0.0005411228472237364,0.011594797417296515,COMPLETE
31,0.32095147791004186,2026-06-20 01:12:26.404159,2026-06-20 01:12:27.962673,0 days 00:00:01.558514,tanh,5.6606169291666516e-06,32,"(128,)",90,0.0001083115070620386,0.00865509817406657,COMPLETE
32,0.3212261502435758,2026-06-20 01:12:27.962799,2026-06-20 01:12:29.378608,0 days 00:00:01.415809,tanh,4.933407462781307e-06,32,"(128,)",94,0.00013461284298062884,0.00866476517518906,COMPLETE
33,0.31998474315287806,2026-06-20 01:12:29.378735,2026-06-20 01:12:30.653032,0 days 00:00:01.274297,tanh,1.8473846740500412e-05,32,"(128,)",73,0.00022166637288506652,0.008965696901965121,COMPLETE
34,0.3351104925357703,2026-06-20 01:12:30.653159,2026-06-20 01:12:31.603168,0 days 00:00:00.950009,tanh,5.503186927104286e-05,128,"(128, 64)",74,0.0003359289524887291,0.012263689121144524,COMPLETE
35,0.31987676014771776,2026-06-20 01:12:31.603285,2026-06-20 01:12:32.874635,0 days 00:00:01.271350,tanh,2.1915027974891903e-05,32,"(128,)",54,0.00022988083401372084,0.008964805400386628,COMPLETE
36,0.32023986895560264,2026-06-20 01:12:32.874758,2026-06-20 01:12:33.873683,0 days 00:00:00.998925,tanh,0.00021403858440055104,64,"(128,)",51,0.00022759840226528992,0.008703466291039335,COMPLETE
37,0.3465126214914961,2026-06-20 01:12:33.873810,2026-06-20 01:12:34.817111,0 days 00:00:00.943301,tanh,0.00023386124664733784,64,"(32,)",53,0.0004356397938602421,0.005775109520659095,COMPLETE
38,0.3198653544051479,2026-06-20 01:12:34.817241,2026-06-20 01:12:35.815043,0 days 00:00:00.997802,tanh,0.00013065366801120174,64,"(128,)",36,0.00023928442500812628,0.00866480025693442,COMPLETE
39,0.3349731117754712,2026-06-20 01:12:35.815165,2026-06-20 01:12:37.326531,0 days 00:00:01.511366,relu,0.00041418133012551163,64,"(128,)",35,0.00022242225350815623,0.014823586761103338,COMPLETE
40,0.3300752821709874,2026-06-20 01:12:37.326653,2026-06-20 01:12:38.416125,0 days 00:00:01.089472,tanh,0.00012470367632284212,64,"(128, 64)",32,0.0005633085686586807,0.013285798728803143,COMPLETE
41,0.3196436747286622,2026-06-20 01:12:38.416244,2026-06-20 01:12:39.418732,0 days 00:00:01.002488,tanh,2.213073926857532e-05,64,"(128,)",51,0.00024786644575202347,0.008638741579819422,COMPLETE
42,0.32000226251544844,2026-06-20 01:12:39.418865,2026-06-20 01:12:40.417982,0 days 00:00:00.999117,tanh,2.635941542797018e-05,64,"(128,)",54,0.00023478037072181582,0.008678563229823742,COMPLETE
43,0.32313230925974584,2026-06-20 01:12:40.418108,2026-06-20 01:12:41.263426,0 days 00:00:00.845318,tanh,2.622204894471025e-05,64,"(128,)",59,0.00041373957680503813,0.009265997766357788,COMPLETE
44,0.3195048910617428,2026-06-20 01:12:41.263549,2026-06-20 01:12:42.303744,0 days 00:00:01.040195,tanh,5.05483710050084e-05,64,"(128,)",39,0.00026761175222209907,0.009004458516752559,COMPLETE
45,0.3367202568585548,2026-06-20 01:12:42.303862,2026-06-20 01:12:43.549271,0 days 00:00:01.245409,tanh,4.876536191064699e-05,64,"(64, 32)",38,0.00018578871503064138,0.01286730409746251,COMPLETE
46,0.3373868975216355,2026-06-20 01:12:43.549396,2026-06-20 01:12:44.294460,0 days 00:00:00.745064,tanh,8.374381543424349e-05,64,"(32,)",20,0.004367706943797092,0.012203132277499258,COMPLETE
47,0.3236282210485181,2026-06-20 01:12:44.294585,2026-06-20 01:12:45.231387,0 days 00:00:00.936802,tanh,0.0001359465961799968,64,"(128,)",27,0.0003887538464146474,0.011124872929507267,COMPLETE
48,0.34758664894555885,2026-06-20 01:12:45.231510,2026-06-20 01:12:46.000858,0 days 00:00:00.769348,relu,4.021900463789564e-05,64,"(64,)",6,0.0006268861722609205,0.005421553538867294,COMPLETE
49,0.31930157885795724,2026-06-20 01:12:46.000990,2026-06-20 01:12:46.965977,0 days 00:00:00.964987,tanh,0.00916778122133847,64,"(128,)",42,0.0002828831268588402,0.009348391116159656,COMPLETE
50,0.3314279411455027,2026-06-20 01:12:46.966103,2026-06-20 01:12:47.788560,0 days 00:00:00.822457,tanh,0.00748113943400959,64,"(64, 32)",44,0.0010887152626190095,0.012025366556671559,COMPLETE
51,0.3194539977861991,2026-06-20 01:12:47.788694,2026-06-20 01:12:48.820691,0 days 00:00:01.031997,tanh,0.0031126411133508658,64,"(128,)",38,0.0002660253866997777,0.009014624678577655,COMPLETE
52,0.31934256987747994,2026-06-20 01:12:48.820830,2026-06-20 01:12:49.802278,0 days 00:00:00.981448,tanh,0.00259560988179308,64,"(128,)",40,0.0002750112309066689,0.008989180023913362,COMPLETE
53,0.3194316884021434,2026-06-20 01:12:49.802408,2026-06-20 01:12:50.640978,0 days 00:00:00.838570,tanh,0.0024602204017465947,64,"(128,)",39,0.00028474911333752897,0.009296646540998182,COMPLETE
54,0.3193982888955335,2026-06-20 01:12:50.641095,2026-06-20 01:12:51.492025,0 days 00:00:00.850930,tanh,0.002724527579958856,64,"(128,)",41,0.0002889419814248073,0.00929682537366566,COMPLETE
55,0.323570324155088,2026-06-20 01:12:51.492141,2026-06-20 01:12:52.202053,0 days 00:00:00.709912,tanh,0.0021543691712207105,64,"(128,)",40,0.0004780657788255235,0.008755546033697676,COMPLETE
56,0.3193389402655224,2026-06-20 01:12:52.202176,2026-06-20 01:12:53.039804,0 days 00:00:00.837628,tanh,0.0035149634670528086,64,"(128,)",33,0.00029814019560489953,0.009298771653602761,COMPLETE
57,0.3309974744067498,2026-06-20 01:12:53.039914,2026-06-20 01:12:53.833169,0 days 00:00:00.793255,tanh,0.002957388519819219,64,"(64,)",31,0.0003599083420265471,0.008902999374504292,COMPLETE
58,0.32208996598279804,2026-06-20 01:12:53.833294,2026-06-20 01:12:54.832773,0 days 00:00:00.999479,tanh,0.006222197821419051,64,"(128,)",47,0.000174581357605287,0.008289145930683726,COMPLETE
59,0.34731296614382773,2026-06-20 01:12:54.832882,2026-06-20 01:12:55.913045,0 days 00:00:01.080163,relu,0.0016414599866121226,64,"(32,)",22,0.00030630315933931145,0.012677039397003083,COMPLETE
60,0.3398477324966212,2026-06-20 01:12:55.913151,2026-06-20 01:12:57.354902,0 days 00:00:01.441751,tanh,0.004592505316877458,16,"(128, 64)",28,0.0006611851669856481,0.012615364405393069,COMPLETE
61,0.3194057914966011,2026-06-20 01:12:57.355020,2026-06-20 01:12:58.192575,0 days 00:00:00.837555,tanh,0.003523982288385623,64,"(128,)",41,0.00028498595867011657,0.009305013678441823,COMPLETE
62,0.31917143066050635,2026-06-20 01:12:58.192694,2026-06-20 01:12:59.030520,0 days 00:00:00.837826,tanh,0.00962010924670311,64,"(128,)",33,0.0003099844526146426,0.009341984269132754,COMPLETE
63,0.3235364060498941,2026-06-20 01:12:59.030636,2026-06-20 01:12:59.724030,0 days 00:00:00.693394,tanh,0.009148155547356674,64,"(128,)",33,0.00047214142314671095,0.008732820543120813,COMPLETE
64,0.3194327088444561,2026-06-20 01:12:59.724142,2026-06-20 01:13:00.541913,0 days 00:00:00.817771,tanh,0.0009204140589733087,64,"(128,)",43,0.00035206583283063994,0.009061966836377677,COMPLETE
65,0.3193129077976115,2026-06-20 01:13:00.542039,2026-06-20 01:13:01.377663,0 days 00:00:00.835624,tanh,0.004802607973585827,64,"(128,)",48,0.0002966967337682516,0.009309944220311733,COMPLETE
66,0.3337612922146813,2026-06-20 01:13:01.377778,2026-06-20 01:13:02.568604,0 days 00:00:01.190826,tanh,0.004800457205428483,64,"(64, 32)",48,0.00017494732713056065,0.011649385639725968,COMPLETE
67,0.32922999826261623,2026-06-20 01:13:02.568723,2026-06-20 01:13:03.367474,0 days 00:00:00.798751,tanh,0.006152958857809704,128,"(128,)",30,0.0003056649102928407,0.009814472397947447,COMPLETE
68,0.33031393101762946,2026-06-20 01:13:03.367586,2026-06-20 01:13:04.374287,0 days 00:00:01.006701,tanh,0.0015866610806065339,64,"(128,)",16,0.00013447668323912448,0.010280403782146213,COMPLETE
69,0.3226936529727858,2026-06-20 01:13:04.374404,2026-06-20 01:13:05.621753,0 days 00:00:01.247349,tanh,0.009873001668915669,16,"(128,)",24,0.0004038893704482643,0.009519586181076178,COMPLETE
70,0.360386923153983,2026-06-20 01:13:05.621878,2026-06-20 01:13:06.787564,0 days 00:00:01.165686,relu,0.0037160781112769293,64,"(64,)",57,0.000190412567862698,0.01487606301402671,COMPLETE
71,0.31939494009652997,2026-06-20 01:13:06.787689,2026-06-20 01:13:07.624667,0 days 00:00:00.836978,tanh,0.0024562407863112194,64,"(128,)",41,0.0002906851115255353,0.009293827295469414,COMPLETE
72,0.3233815293767826,2026-06-20 01:13:07.624786,2026-06-20 01:13:08.343275,0 days 00:00:00.718489,tanh,0.001717623651293777,64,"(128,)",42,0.002062996895936934,0.009675353171662853,COMPLETE
73,0.3193835181106905,2026-06-20 01:13:08.343391,2026-06-20 01:13:09.181918,0 days 00:00:00.838527,tanh,0.0011767798059317892,64,"(128,)",48,0.00031080189270359717,0.009271970866552208,COMPLETE
74,0.31941578530521497,2026-06-20 01:13:09.182037,2026-06-20 01:13:10.019051,0 days 00:00:00.837014,tanh,0.0007050977499142481,64,"(128,)",45,0.00032081825156304546,0.009261549811966497,COMPLETE
75,0.31936681169263564,2026-06-20 01:13:10.019163,2026-06-20 01:13:10.795655,0 days 00:00:00.776492,tanh,0.001174931528680696,64,"(128,)",48,0.00036756987634262216,0.009223884464815724,COMPLETE
76,0.351702772843567,2026-06-20 01:13:10.795767,2026-06-20 01:13:11.687294,0 days 00:00:00.891527,tanh,0.0013670858606285284,64,"(128, 64, 32)",36,0.009987329607669073,0.00340096486968854,COMPLETE
77,0.3219108795695437,2026-06-20 01:13:11.687414,2026-06-20 01:13:12.381824,0 days 00:00:00.694410,tanh,0.00041512301905619726,128,"(128,)",48,0.00046357364965873827,0.009634213722437132,COMPLETE
78,0.31931563873485314,2026-06-20 01:13:12.381940,2026-06-20 01:13:13.158634,0 days 00:00:00.776694,tanh,0.005451038588666885,64,"(128,)",50,0.00037376517324314685,0.009234293714084619,COMPLETE
79,0.3287525773380331,2026-06-20 01:13:13.158751,2026-06-20 01:13:13.916816,0 days 00:00:00.758065,tanh,0.0057100603016293485,64,"(128, 64)",67,0.0005241188030491877,0.014164188942064872,COMPLETE
80,0.3193294650514121,2026-06-20 01:13:13.916936,2026-06-20 01:13:14.691442,0 days 00:00:00.774506,tanh,0.006824202079069836,64,"(128,)",56,0.00037897066341861715,0.009231781474912704,COMPLETE
81,0.31925807327433525,2026-06-20 01:13:14.691560,2026-06-20 01:13:15.468724,0 days 00:00:00.777164,tanh,0.007728049672778392,64,"(128,)",56,0.00037340797296986274,0.00924738519886299,COMPLETE
82,0.31937566989788,2026-06-20 01:13:15.468845,2026-06-20 01:13:16.245431,0 days 00:00:00.776586,tanh,0.00749850649890139,64,"(128,)",57,0.0003854366499376775,0.009224739803726578,COMPLETE
83,0.31937625103858364,2026-06-20 01:13:16.245546,2026-06-20 01:13:17.061596,0 days 00:00:00.816050,tanh,0.004730215905804291,64,"(128,)",51,0.00035994890529727705,0.009081065995075794,COMPLETE
84,0.32537458669978725,2026-06-20 01:13:17.061705,2026-06-20 01:13:17.753006,0 days 00:00:00.691301,tanh,0.006658208489114232,64,"(128,)",56,0.0005804717067129623,0.009280723736362467,COMPLETE
85,0.32027207417178244,2026-06-20 01:13:17.753129,2026-06-20 01:13:18.973712,0 days 00:00:01.220583,tanh,0.005236728287131291,16,"(128,)",66,0.0002042401548494967,0.009183230106119737,COMPLETE
86,0.3449487895099851,2026-06-20 01:13:18.973858,2026-06-20 01:13:19.830846,0 days 00:00:00.856988,tanh,0.0038748393160633167,64,"(32,)",61,0.00042969543985196156,0.006710098584008692,COMPLETE
87,0.32371742498894346,2026-06-20 01:13:19.830968,2026-06-20 01:13:20.536570,0 days 00:00:00.705602,tanh,0.007805288113209293,64,"(128,)",34,0.0005053788962646432,0.00885743940910374,COMPLETE
88,0.33543073523210226,2026-06-20 01:13:20.536683,2026-06-20 01:13:21.503076,0 days 00:00:00.966393,relu,0.009217641353499308,64,"(128,)",46,0.0003435258735714248,0.013860777981718876,COMPLETE
89,0.33278428273829297,2026-06-20 01:13:21.503196,2026-06-20 01:13:22.508918,0 days 00:00:01.005722,tanh,0.004103490339767014,64,"(64, 32)",49,0.000250089459677443,0.011680777723005626,COMPLETE
90,0.32590108107837024,2026-06-20 01:13:22.509035,2026-06-20 01:13:23.154557,0 days 00:00:00.645522,tanh,0.00208796768819477,128,"(128,)",64,0.0006620217277259171,0.010644731005786494,COMPLETE
91,0.3228622169049959,2026-06-20 01:13:23.154676,2026-06-20 01:13:23.888431,0 days 00:00:00.733755,tanh,0.007720099774832191,64,"(128,)",56,0.0004246498168736473,0.009257757075194712,COMPLETE
92,0.31932265999723464,2026-06-20 01:13:23.888548,2026-06-20 01:13:24.664363,0 days 00:00:00.775815,tanh,0.007150606948783753,64,"(128,)",58,0.00037909139890229154,0.009233347264420811,COMPLETE
93,0.3218718974853865,2026-06-20 01:13:24.664469,2026-06-20 01:13:25.403062,0 days 00:00:00.738593,tanh,0.0032575511114042235,64,"(128,)",59,0.00038793173680283396,0.010392721263722145,COMPLETE
94,0.3194435857106401,2026-06-20 01:13:25.403175,2026-06-20 01:13:26.269145,0 days 00:00:00.865970,tanh,0.005596205704501306,64,"(128,)",53,0.00025140814711582517,0.008647971043916652,COMPLETE
95,0.3191732107509059,2026-06-20 01:13:26.269265,2026-06-20 01:13:27.108523,0 days 00:00:00.839258,tanh,0.00990397161620942,64,"(128,)",70,0.00033699374114128523,0.009366994829700923,COMPLETE
96,0.3225209272074563,2026-06-20 01:13:27.108641,2026-06-20 01:13:28.109966,0 days 00:00:01.001325,tanh,0.009726886040724216,64,"(128, 64, 32)",64,0.0003371774466183635,0.011887553091422398,COMPLETE
97,0.3193746935074596,2026-06-20 01:13:28.110092,2026-06-20 01:13:28.978030,0 days 00:00:00.867938,tanh,0.006874196889464943,64,"(128,)",37,0.0002533605009736757,0.00864610277613736,COMPLETE
98,0.31932663447191667,2026-06-20 01:13:28.978147,2026-06-20 01:13:29.815013,0 days 00:00:00.836866,tanh,0.004230941638429678,64,"(128,)",72,0.0003230381938907175,0.009291190163104252,COMPLETE
99,0.3339668106598329,2026-06-20 01:13:29.815127,2026-06-20 01:13:30.533683,0 days 00:00:00.718556,tanh,0.004248413033758424,64,"(64,)",72,0.0004427917609498619,0.005997661436121846,COMPLETE
100,0.3211259534966848,2026-06-20 01:13:30.533804,2026-06-20 01:13:31.414119,0 days 00:00:00.880315,tanh,0.005584116109160857,64,"(128,)",69,0.00020579404499569283,0.008820061047654808,COMPLETE
101,0.3191737377480427,2026-06-20 01:13:31.414233,2026-06-20 01:13:32.253470,0 days 00:00:00.839237,tanh,0.008452026419839151,64,"(128,)",75,0.0003295450989693826,0.009359471216484507,COMPLETE
102,0.31920531088311693,2026-06-20 01:13:32.253594,2026-06-20 01:13:33.090114,0 days 00:00:00.836520,tanh,0.008327858362901,64,"(128,)",76,0.00031669021072113374,0.00932884081111023,COMPLETE
103,0.3191790554615032,2026-06-20 01:13:33.090222,2026-06-20 01:13:33.996897,0 days 00:00:00.906675,tanh,0.008804192343514311,64,"(128,)",78,0.0003325578089941403,0.009360415705109875,COMPLETE
104,0.31920686731638936,2026-06-20 01:13:33.997024,2026-06-20 01:13:34.896325,0 days 00:00:00.899301,tanh,0.008383451272252268,64,"(128,)",82,0.0003355440698003035,0.009355014440106823,COMPLETE
105,0.3235643410845771,2026-06-20 01:13:34.896450,2026-06-20 01:13:35.683371,0 days 00:00:00.786921,tanh,0.008556742647141433,64,"(128,)",83,0.0004939066339182699,0.008819242835495174,COMPLETE
106,0.335800804879967,2026-06-20 01:13:35.683503,2026-06-20 01:13:37.414303,0 days 00:00:01.730800,relu,0.00819514667133648,16,"(128, 64)",77,0.0003285976874282172,0.013912558230414429,COMPLETE
107,0.32209898265549597,2026-06-20 01:13:37.414435,2026-06-20 01:13:38.106423,0 days 00:00:00.691988,tanh,0.006231354021421391,64,"(128,)",82,0.0005994215804320156,0.009261002785490151,COMPLETE
108,0.344863385990318,2026-06-20 01:13:38.106537,2026-06-20 01:13:39.007215,0 days 00:00:00.900678,tanh,0.0050799168996638975,64,"(32,)",77,0.0004055464705167239,0.0072055483966178314,COMPLETE
109,0.3202603972652908,2026-06-20 01:13:39.007343,2026-06-20 01:13:39.875001,0 days 00:00:00.867658,tanh,0.008429083575998695,64,"(128,)",85,0.00022329043045731008,0.00874816810263726,COMPLETE
110,0.31918310129108757,2026-06-20 01:13:39.875124,2026-06-20 01:13:40.777632,0 days 00:00:00.902508,tanh,0.009865343891213865,64,"(128,)",75,0.0002737401978337207,0.00899645341492087,COMPLETE
