number,value,datetime_start,datetime_complete,duration,params_activation,params_alpha,params_batch_size,params_hidden_layer_sizes,params_k_features,params_learning_rate_init,user_attrs_rmse_cv_std,state
111,0.3192278889826522,2026-06-20 01:13:40.777757,2026-06-20 01:13:41.682356,0 days 00:00:00.904599,tanh,0.009966576369867643,64,"(128,)",75,0.0002704368076693521,0.009006145525946151,COMPLETE
112,0.31918349607271307,2026-06-20 01:13:41.682472,2026-06-20 01:13:42.599723,0 days 00:00:00.917251,tanh,0.009754884794423945,64,"(128,)",75,0.0002738960640725232,0.008995991354296426,COMPLETE
113,0.319294159795917,2026-06-20 01:13:42.599843,2026-06-20 01:13:43.453411,0 days 00:00:00.853568,tanh,0.009994001383108462,64,"(128,)",75,0.0002818578809318925,0.009354511812580955,COMPLETE
114,0.3192588275174491,2026-06-20 01:13:43.453533,2026-06-20 01:13:44.371418,0 days 00:00:00.917885,tanh,0.008988786947149637,64,"(128,)",80,0.000269830606285047,0.009007908311012952,COMPLETE
115,0.3219283757100515,2026-06-20 01:13:44.371539,2026-06-20 01:13:45.442684,0 days 00:00:01.071145,tanh,0.009604683114928618,64,"(128,)",75,0.00016162020505005047,0.008706294504331117,COMPLETE
116,0.3193022096042728,2026-06-20 01:13:45.442803,2026-06-20 01:13:46.325023,0 days 00:00:00.882220,tanh,0.009653193585029127,64,"(128,)",87,0.00025423081802274913,0.008650996943695649,COMPLETE
117,0.34860387292884315,2026-06-20 01:13:46.325138,2026-06-20 01:13:47.266456,0 days 00:00:00.941318,tanh,0.006998415504084695,128,"(64, 32)",79,0.00022949947546913735,0.014354775164956365,COMPLETE
118,0.3192739978170573,2026-06-20 01:13:47.266583,2026-06-20 01:13:48.182839,0 days 00:00:00.916256,tanh,0.009834511414309592,64,"(128,)",70,0.0002676192052428284,0.009013703625228684,COMPLETE
119,0.32109327616494804,2026-06-20 01:13:48.182959,2026-06-20 01:13:49.109123,0 days 00:00:00.926164,tanh,0.007856856088450732,64,"(128,)",81,0.00019996301815864426,0.008995993724222794,COMPLETE
120,0.3238857821889522,2026-06-20 01:13:49.109235,2026-06-20 01:13:50.029588,0 days 00:00:00.920353,tanh,0.006570994560795335,64,"(128, 64, 32)",71,0.00027038200623807185,0.00924444850563933,COMPLETE
121,0.3191243840069702,2026-06-20 01:13:50.029715,2026-06-20 01:13:50.884970,0 days 00:00:00.855255,tanh,0.009970410882800712,64,"(128,)",74,0.0003275125339591994,0.0093733867153006,COMPLETE
122,0.3191826737248116,2026-06-20 01:13:50.885093,2026-06-20 01:13:51.747438,0 days 00:00:00.862345,tanh,0.007783710768023205,64,"(128,)",70,0.0003275643995012109,0.009355235826271029,COMPLETE
123,0.3192630504619499,2026-06-20 01:13:51.747559,2026-06-20 01:13:52.600576,0 days 00:00:00.853017,tanh,0.0060708928845855424,64,"(128,)",77,0.0003169442398774967,0.009310158689958542,COMPLETE
124,0.3192524234566565,2026-06-20 01:13:52.600693,2026-06-20 01:13:53.455940,0 days 00:00:00.855247,tanh,0.00793018145450331,64,"(128,)",80,0.00034086788424301476,0.009348103200452365,COMPLETE
125,0.31923131660774345,2026-06-20 01:13:53.456066,2026-06-20 01:13:54.290248,0 days 00:00:00.834182,tanh,0.007569955426726651,64,"(128,)",74,0.00035067290145659145,0.00915394698812343,COMPLETE
126,0.3193247048931973,2026-06-20 01:13:54.290362,2026-06-20 01:13:55.146374,0 days 00:00:00.856012,tanh,0.005414824460783206,64,"(128,)",74,0.0003408012605709219,0.009325853767052297,COMPLETE
127,0.3318675203021363,2026-06-20 01:13:55.146492,2026-06-20 01:13:56.131211,0 days 00:00:00.984719,relu,0.00647761801337226,64,"(128,)",73,0.00045282068791644846,0.013752256475839645,COMPLETE
128,0.3242630030630224,2026-06-20 01:13:56.131339,2026-06-20 01:13:57.285001,0 days 00:00:01.153662,tanh,0.004578129699422476,16,"(64,)",78,0.0003287066616184196,0.010240014134719134,COMPLETE
129,0.319720193142577,2026-06-20 01:13:57.285120,2026-06-20 01:13:58.170878,0 days 00:00:00.885758,tanh,0.007870153896109993,64,"(128,)",86,0.00023913811959982577,0.008691710318057485,COMPLETE
130,0.32290761356870346,2026-06-20 01:13:58.170995,2026-06-20 01:13:58.922551,0 days 00:00:00.751556,tanh,0.005894248891271581,64,"(128,)",69,0.00042368737424370147,0.009246918873962487,COMPLETE
131,0.3192186728682943,2026-06-20 01:13:58.922666,2026-06-20 01:13:59.775679,0 days 00:00:00.853013,tanh,0.007847960816375298,64,"(128,)",76,0.0003052533222349843,0.009330200280737885,COMPLETE
132,0.31922768613215025,2026-06-20 01:13:59.775803,2026-06-20 01:14:00.629807,0 days 00:00:00.854004,tanh,0.00800200585066412,64,"(128,)",76,0.00029988928342069453,0.009333716956828723,COMPLETE
133,0.31917248232183665,2026-06-20 01:14:00.629926,2026-06-20 01:14:01.481869,0 days 00:00:00.851943,tanh,0.00993674265867752,64,"(128,)",75,0.0003039565230069515,0.009346824102260629,COMPLETE
134,0.3192655445280736,2026-06-20 01:14:01.481982,2026-06-20 01:14:02.335376,0 days 00:00:00.853394,tanh,0.006536193402889384,64,"(128,)",76,0.0002986144129938502,0.009322865866741232,COMPLETE
135,0.3192858205201923,2026-06-20 01:14:02.335501,2026-06-20 01:14:03.189346,0 days 00:00:00.853845,tanh,0.005248797532120265,64,"(128,)",83,0.00030251600696184263,0.009310751225526633,COMPLETE
136,0.32604291244978467,2026-06-20 01:14:03.189463,2026-06-20 01:14:04.249920,0 days 00:00:01.060457,tanh,0.008570398395505776,64,"(128, 64)",71,0.00024392926969205592,0.010505492893946086,COMPLETE
137,0.3203023066457861,2026-06-20 01:14:04.250049,2026-06-20 01:14:05.134586,0 days 00:00:00.884537,tanh,0.009759062118150828,64,"(128,)",78,0.00022178689317212108,0.008757908651085177,COMPLETE
138,0.3194673725979747,2026-06-20 01:14:05.134699,2026-06-20 01:14:05.988522,0 days 00:00:00.853823,tanh,0.003565532259503129,64,"(128,)",75,0.00027767870310498857,0.009308434308729772,COMPLETE
139,0.3477211893657294,2026-06-20 01:14:05.988645,2026-06-20 01:14:06.975205,0 days 00:00:00.986560,tanh,0.006884055743319,64,"(32,)",67,0.0002982556697854497,0.006669301773391697,COMPLETE
140,0.32178202492025787,2026-06-20 01:14:06.975328,2026-06-20 01:14:07.729625,0 days 00:00:00.754297,tanh,0.0048348582079369195,64,"(128,)",72,0.00040333579706539746,0.010200432177001584,COMPLETE
141,0.3192326502805631,2026-06-20 01:14:07.729742,2026-06-20 01:14:08.561887,0 days 00:00:00.832145,tanh,0.008283396380832938,64,"(128,)",74,0.0003541444946572004,0.009149032937752868,COMPLETE
142,0.31916284256933886,2026-06-20 01:14:08.562006,2026-06-20 01:14:09.453538,0 days 00:00:00.891532,tanh,0.009955602366826348,64,"(128,)",81,0.00031367093364920796,0.00934304391138374,COMPLETE
143,0.3191637013984767,2026-06-20 01:14:09.453660,2026-06-20 01:14:10.352369,0 days 00:00:00.898709,tanh,0.009972743073753175,64,"(128,)",82,0.0003159361843175045,0.009342232888334401,COMPLETE
144,0.31923916018057963,2026-06-20 01:14:10.352496,2026-06-20 01:14:11.258487,0 days 00:00:00.905991,tanh,0.007066254418496724,64,"(128,)",81,0.0003179968251929302,0.009317883989013703,COMPLETE
145,0.3248774873517912,2026-06-20 01:14:11.258612,2026-06-20 01:14:12.121772,0 days 00:00:00.863160,tanh,0.006010246423466814,128,"(128,)",84,0.00031039711919242824,0.009775013929640976,COMPLETE
146,0.3194716248103536,2026-06-20 01:14:12.121897,2026-06-20 01:14:12.957109,0 days 00:00:00.835212,tanh,0.008223889585633144,64,"(128,)",89,0.0003630800272499682,0.008914149717116095,COMPLETE
147,0.3216740131518348,2026-06-20 01:14:12.957226,2026-06-20 01:14:13.743484,0 days 00:00:00.786258,tanh,0.00999943278018148,64,"(128,)",95,0.0004077395579231983,0.010195625413949753,COMPLETE
148,0.31954863757719054,2026-06-20 01:14:13.743602,2026-06-20 01:14:14.677538,0 days 00:00:00.933936,tanh,0.004091935893966848,64,"(128,)",79,0.00024821527468387437,0.008652457091393983,COMPLETE
149,0.3451573817874835,2026-06-20 01:14:14.677665,2026-06-20 01:14:15.579104,0 days 00:00:00.901439,relu,0.00574898789764357,32,"(64, 32)",6,0.00032389303717620966,0.006450766290906393,COMPLETE
