number,value,datetime_start,datetime_complete,duration,params_colsample_bytree,params_k_features,params_learning_rate,params_max_depth,params_min_child_samples,params_n_estimators,params_num_leaves,params_reg_alpha,params_reg_lambda,params_subsample,user_attrs_rmse_cv_std,state
0,0.3552478543759906,2026-06-21 18:17:17.050907,2026-06-21 18:17:19.483268,0 days 00:00:02.432361,0.646753645919055,79,0.1169808319885963,9,23,484,42,0.03345833459796642,0.04511029411665706,0.656042418529559,0.01042730522185899,COMPLETE
1,0.35148159275727076,2026-06-21 18:17:19.483268,2026-06-21 18:17:22.773946,0 days 00:00:03.290678,0.8305800385418096,92,0.05293314402482152,12,17,593,114,0.03805040808050684,3.6212884737555152e-06,0.8837379971575454,0.010806787162222288,COMPLETE
2,0.33704067791542286,2026-06-21 18:17:22.775862,2026-06-21 18:17:23.950400,0 days 00:00:01.174538,0.6852709794794747,36,0.006031366529120091,8,75,569,102,0.6620923057244645,1.481418520098757e-07,0.9335071047051957,0.011469229945826855,COMPLETE
3,0.3426173304714998,2026-06-21 18:17:23.950400,2026-06-21 18:17:26.301981,0 days 00:00:02.351581,0.7946066565667448,71,0.009699965665632339,10,36,1000,67,3.823228061963077e-06,0.003891733559753197,0.701865749131898,0.013388295445275502,COMPLETE
4,0.3595902708597868,2026-06-21 18:17:26.301981,2026-06-21 18:17:27.643610,0 days 00:00:01.341629,0.9699914574282302,46,0.10789074792324964,8,58,677,19,0.03703503833426944,0.23213525523436543,0.9938494243934038,0.014177302698702167,COMPLETE
5,0.3558862886533187,2026-06-21 18:17:27.643610,2026-06-21 18:17:29.443547,0 days 00:00:01.799937,0.6425035617114191,68,0.1386487584675306,11,6,646,41,0.0019407203932446505,0.00035678078963405515,0.6347659322986504,0.013661711506392648,COMPLETE
6,0.33867096972746175,2026-06-21 18:17:29.443547,2026-06-21 18:17:30.461284,0 days 00:00:01.017737,0.779459981127459,73,0.005542653953729352,6,37,351,43,4.5999742476337544e-07,3.3265535730740824e-05,0.9798284530594619,0.010247440817138109,COMPLETE
7,0.34628441971446455,2026-06-21 18:17:30.462283,2026-06-21 18:17:31.394045,0 days 00:00:00.931762,0.9218656400348609,50,0.05080065830894614,10,15,122,124,5.3063059822424477e-05,0.049751296191330854,0.8013906940211726,0.01226012173432062,COMPLETE
8,0.3610030580899866,2026-06-21 18:17:31.396049,2026-06-21 18:17:32.524263,0 days 00:00:01.128214,0.8977458562820311,15,0.0660317974589149,10,26,272,115,1.1447519075457977,1.8962023452680591e-06,0.965137905523563,0.01631811576013782,COMPLETE
9,0.3416230795395904,2026-06-21 18:17:32.524263,2026-06-21 18:17:33.913555,0 days 00:00:01.389292,0.9006197205665283,56,0.022539939579305102,6,16,499,95,1.2445192301928545e-07,1.248817831915984,0.6882830956251597,0.011205768316278267,COMPLETE
10,0.3517579686599341,2026-06-21 18:17:33.913555,2026-06-21 18:17:34.824731,0 days 00:00:00.911176,0.6999235322662367,9,0.016736764702063093,3,80,880,85,7.998279661142397,1.416480379151711e-08,0.7914718796390267,0.012180621402609474,COMPLETE
11,0.3384479575676589,2026-06-21 18:17:34.825730,2026-06-21 18:17:35.819263,0 days 00:00:00.993533,0.7290658484402635,35,0.006218492473850616,6,51,330,64,1.084331941681381e-08,4.379660056240365e-06,0.9020641299489811,0.010205097603510994,COMPLETE
12,0.3386482420924609,2026-06-21 18:17:35.819263,2026-06-21 18:17:36.791651,0 days 00:00:00.972388,0.7276357916965681,27,0.005137602340374007,6,71,334,71,2.379040055812895e-08,3.204769007195901e-08,0.887655496767036,0.010101207494268887,COMPLETE
13,0.3382108993264742,2026-06-21 18:17:36.791651,2026-06-21 18:17:37.973266,0 days 00:00:01.181615,0.7051094755759925,29,0.010419417863845868,4,55,742,96,0.00011854889402580875,4.053173890596415e-07,0.8808051279231078,0.012882627141389819,COMPLETE
14,0.3378700712276499,2026-06-21 18:17:37.973266,2026-06-21 18:17:39.040031,0 days 00:00:01.066765,0.626115963547215,28,0.013271481479075338,3,60,792,99,0.0005155700683672808,2.0740555070260889e-07,0.8177033842922616,0.012620997976294828,COMPLETE
15,0.34014554135941066,2026-06-21 18:17:39.040031,2026-06-21 18:17:40.309545,0 days 00:00:01.269514,0.6124765442760798,38,0.01980988306893502,4,67,780,97,0.0009231974196436295,1.4131283127280968e-07,0.7855091449189769,0.014321808863922368,COMPLETE
16,0.3408055115228869,2026-06-21 18:17:40.310543,2026-06-21 18:17:41.970408,0 days 00:00:01.659865,0.6081177982050673,20,0.010122368750234773,8,80,868,106,0.2548749734061917,7.993099021992689e-05,0.8314292717099397,0.012013820761271497,COMPLETE
17,0.3401061195409648,2026-06-21 18:17:41.970408,2026-06-21 18:17:42.866520,0 days 00:00:00.896112,0.6690324855717975,56,0.02996836502005773,3,66,517,85,0.001268799279771665,1.652536549664974e-07,0.9331067207430915,0.012835032839735942,COMPLETE
18,0.34384910978234473,2026-06-21 18:17:42.866520,2026-06-21 18:17:44.459056,0 days 00:00:01.592536,0.7660939527955912,42,0.013551051245902989,7,46,832,127,8.422651114400486e-06,1.03620558298475e-08,0.7326711484060136,0.012752276046284122,COMPLETE
19,0.3550544730435831,2026-06-21 18:17:44.461060,2026-06-21 18:17:45.772325,0 days 00:00:01.311265,0.6705784256739948,8,0.007778225246817967,5,61,986,81,2.4541392527746146,7.132738005193622e-07,0.8266160320417266,0.012753817134372564,COMPLETE
20,0.3451257555764806,2026-06-21 18:17:45.772325,2026-06-21 18:17:46.972776,0 days 00:00:01.200451,0.8402598869207066,24,0.032019352988651086,12,74,576,107,0.005838918508982775,2.169472185173428e-05,0.7516658939477785,0.013602444518407262,COMPLETE
21,0.3383939564114994,2026-06-21 18:17:46.972776,2026-06-21 18:17:48.189621,0 days 00:00:01.216845,0.7212218300682905,31,0.010938481084973892,4,54,747,97,0.0001565085265930159,2.2393581896917552e-07,0.855711135633686,0.013309186386125124,COMPLETE
22,0.3396997128157328,2026-06-21 18:17:48.189621,2026-06-21 18:17:49.340079,0 days 00:00:01.150458,0.6877057492329794,19,0.007235062470819015,4,46,712,104,8.062776379910038e-05,9.081907571222925e-08,0.9324884676367752,0.012840099281373665,COMPLETE
23,0.33877347747912046,2026-06-21 18:17:49.340079,2026-06-21 18:17:50.483695,0 days 00:00:01.143616,0.628926216561246,34,0.013625228313978567,3,61,918,78,1.003731907748707e-05,6.949775746849839e-07,0.9290137705789169,0.01228321401614421,COMPLETE
24,0.33771996821619954,2026-06-21 18:17:50.484695,2026-06-21 18:17:51.728952,0 days 00:00:01.244257,0.7521767905394537,27,0.008592638761486348,5,72,798,94,0.2682455647846424,8.399781473443831e-06,0.8536181893198088,0.012130645632352041,COMPLETE
25,0.33754022929715843,2026-06-21 18:17:51.728952,2026-06-21 18:17:52.940349,0 days 00:00:01.211397,0.7562970092203494,51,0.008307360500442437,5,73,619,116,0.3112902461730049,0.000433550068226604,0.8562916872816194,0.01171475583305178,COMPLETE
26,0.337291736153405,2026-06-21 18:17:52.940349,2026-06-21 18:17:53.969833,0 days 00:00:01.029484,0.8091008086451494,58,0.007797996985451205,7,74,425,116,0.20631181800769915,0.0008495939378321608,0.8563577897999036,0.011424875228410212,COMPLETE
27,0.33751265494848737,2026-06-21 18:17:53.969833,2026-06-21 18:17:55.040518,0 days 00:00:01.070685,0.8141547342085076,61,0.006769527851810659,8,77,427,119,0.2803327304922205,0.0014933179930152467,0.9558891565633596,0.011776208240623472,COMPLETE
28,0.33761705180378493,2026-06-21 18:17:55.041518,2026-06-21 18:17:56.183643,0 days 00:00:01.142125,0.8306524194258446,63,0.006242254484516224,7,77,453,120,0.007539866530082542,0.0023398001242716164,0.9479531698927064,0.011519297945645482,COMPLETE
29,0.33752597176406834,2026-06-21 18:17:56.183643,2026-06-21 18:17:57.252141,0 days 00:00:01.068498,0.8110509680993602,89,0.005084391138056349,9,67,409,128,0.08809119098959586,0.010729208458318217,0.9143159011955283,0.011110703086058766,COMPLETE
30,0.34052792485816274,2026-06-21 18:17:57.252141,2026-06-21 18:17:58.152858,0 days 00:00:00.900717,0.8683862332601034,80,0.00642620028024945,8,66,216,111,1.2839825772000495,0.00015766295854620604,0.9592513439956408,0.009506791353516874,COMPLETE
31,0.33754129682171913,2026-06-21 18:17:58.154861,2026-06-21 18:17:59.275775,0 days 00:00:01.120914,0.8016634936573488,87,0.0050626642664703455,9,67,427,128,0.11600445652268539,0.007865501899658086,0.9125456917027981,0.01114433202974794,COMPLETE
32,0.3374367260865935,2026-06-21 18:17:59.275775,2026-06-21 18:18:00.327417,0 days 00:00:01.051642,0.864656904712004,98,0.007407095917362279,9,76,404,119,0.01277329547819264,0.02117142715622046,0.9071083756423484,0.011445973132030192,COMPLETE
33,0.3373187077041345,2026-06-21 18:18:00.327417,2026-06-21 18:18:01.882270,0 days 00:00:01.554853,0.8604147649647051,99,0.007311944268754394,9,76,546,118,0.014374487217989649,6.592312287918758,0.877784450663245,0.011939262775484698,COMPLETE
34,0.3386906424462793,2026-06-21 18:18:01.882270,2026-06-21 18:18:03.558553,0 days 00:00:01.676283,0.9553547442846472,100,0.008715765632181656,9,75,548,111,0.01368245677463703,5.3416110902804474,0.8740507360147709,0.012697888006600681,COMPLETE
35,0.3389975439612615,2026-06-21 18:18:03.558553,2026-06-21 18:18:05.028641,0 days 00:00:01.470088,0.8601476825649709,100,0.011663777139562903,11,70,558,120,0.0345612527981183,0.126679761984053,0.9948258866354194,0.013040857527678017,COMPLETE
36,0.3398575852620131,2026-06-21 18:18:05.028641,2026-06-21 18:18:06.039821,0 days 00:00:01.011180,0.8731839458804947,93,0.007788812622376084,7,77,378,106,7.67504194494439,0.6015378294947955,0.9014297103136645,0.010514869401586607,COMPLETE
37,0.3392729365184026,2026-06-21 18:18:06.039821,2026-06-21 18:18:07.179219,0 days 00:00:01.139398,0.9391956700201316,83,0.0165218196533459,10,80,483,112,0.004017598670441298,9.549542314965922,0.6141272665009776,0.013463214868330834,COMPLETE
38,0.3383196632590431,2026-06-21 18:18:07.179219,2026-06-21 18:18:08.804591,0 days 00:00:01.625372,0.8973741867654471,75,0.009370947995128524,9,63,658,18,0.03296476876827287,0.020637679531826904,0.8652679671978315,0.013805110062826831,COMPLETE
39,0.33885467345459463,2026-06-21 18:18:08.804591,2026-06-21 18:18:09.768562,0 days 00:00:00.963971,0.9195228851995856,97,0.006537238844690315,7,71,257,89,0.014948586086906536,2.122712199896187,0.8426621730974497,0.009767249651704737,COMPLETE
40,0.3522614908626732,2026-06-21 18:18:09.769016,2026-06-21 18:18:11.006875,0 days 00:00:01.237859,0.7806718790838375,84,0.09385219776951521,8,70,619,102,1.0002100185702143,0.06544968789326193,0.9763089663354908,0.01472139472072704,COMPLETE
41,0.3375483994620019,2026-06-21 18:18:11.006875,2026-06-21 18:18:12.111659,0 days 00:00:01.104784,0.8465607967722683,65,0.007019632558633311,8,76,461,118,0.1309914833163144,0.33519286679754895,0.9500105229168969,0.011330682117033308,COMPLETE
42,0.3380150993149316,2026-06-21 18:18:12.113663,2026-06-21 18:18:13.325779,0 days 00:00:01.212116,0.9895781835250209,58,0.005726383412023649,11,77,523,122,0.5317508427830435,0.002011332776651457,0.8937033078637892,0.011409332186026485,COMPLETE
43,0.33916327836130405,2026-06-21 18:18:13.325779,2026-06-21 18:18:14.220703,0 days 00:00:00.894924,0.8204768986858876,94,0.006922975627989312,9,80,299,114,2.9642277289613057,0.0006683800560399334,0.9191990837641959,0.010154628974565878,COMPLETE
44,0.3374204675297191,2026-06-21 18:18:14.220703,2026-06-21 18:18:15.353032,0 days 00:00:01.132329,0.8800301734639371,72,0.01166248058878145,10,64,387,28,0.06154909790749103,0.0010672334284787647,0.9788618449955839,0.014059164004037252,COMPLETE
45,0.3377511453760398,2026-06-21 18:18:15.353032,2026-06-21 18:18:16.406553,0 days 00:00:01.053521,0.878211541318144,75,0.011963281746651174,10,57,187,27,0.052047262949866016,6.355847778435515e-05,0.9987633482640391,0.011158628382502948,COMPLETE
46,0.3377355384566434,2026-06-21 18:18:16.406553,2026-06-21 18:18:17.432633,0 days 00:00:01.026080,0.9207091084864146,69,0.01559470930693731,10,65,376,49,0.016927957661843716,0.024155588524157716,0.9760586939353316,0.014152284766826244,COMPLETE
47,0.34144114098846684,2026-06-21 18:18:17.432633,2026-06-21 18:18:18.908986,0 days 00:00:01.476353,0.8964322540160721,47,0.00964366269473484,11,24,366,60,0.003059149646165347,0.004974772446032234,0.8092959030349502,0.011581828326436451,COMPLETE
48,0.34011789095928757,2026-06-21 18:18:18.908986,2026-06-21 18:18:20.156412,0 days 00:00:01.247426,0.8485332016915835,89,0.0057957546485134116,11,32,305,26,0.0004251329570259262,0.0008697926652870124,0.7719702246645279,0.011060123349465198,COMPLETE
49,0.33705494437485367,2026-06-21 18:18:20.157420,2026-06-21 18:18:21.346938,0 days 00:00:01.189518,0.8847767406624397,78,0.008834925381602889,8,69,485,47,0.0652580099086036,0.00020366768644169617,0.8788821580177615,0.012659823357878687,COMPLETE
