number,value,datetime_start,datetime_complete,duration,params_k_features,params_max_depth,params_max_features,params_min_samples_leaf,params_min_samples_split,params_n_estimators,user_attrs_rmse_cv_std,state
132,0.3123567276384577,2026-06-20 01:02:47.821416,2026-06-20 01:02:51.783612,0 days 00:00:03.962196,62,16,0.5978211164550283,13,6,668,0.009450428349088581,COMPLETE
133,0.3128936251325298,2026-06-20 01:02:51.783777,2026-06-20 01:02:55.197757,0 days 00:00:03.413980,57,17,0.5407751220759918,13,5,604,0.009158282472542625,COMPLETE
134,0.3122774301801388,2026-06-20 01:02:55.197918,2026-06-20 01:02:58.923493,0 days 00:00:03.725575,64,20,0.5650658469081093,13,5,648,0.008732651957956823,COMPLETE
135,0.3125569014335648,2026-06-20 01:02:58.923657,2026-06-20 01:03:02.709032,0 days 00:00:03.785375,64,15,0.5658476747529977,12,3,646,0.008991594771965252,COMPLETE
136,0.3126906605680872,2026-06-20 01:03:02.709195,2026-06-20 01:03:06.642295,0 days 00:00:03.933100,67,15,0.5224674748740128,12,5,703,0.009104814706016833,COMPLETE
137,0.3123027162445724,2026-06-20 01:03:06.642462,2026-06-20 01:03:10.495217,0 days 00:00:03.852755,70,20,0.5514367807350331,13,6,681,0.008733136785037473,COMPLETE
138,0.3127890113309829,2026-06-20 01:03:10.495382,2026-06-20 01:03:14.465582,0 days 00:00:03.970200,70,16,0.554343650504793,11,4,677,0.00911787414734355,COMPLETE
139,0.31244139202984766,2026-06-20 01:03:14.465751,2026-06-20 01:03:18.406102,0 days 00:00:03.940351,66,18,0.5734089568758232,12,4,689,0.009010583112611706,COMPLETE
140,0.312803682657665,2026-06-20 01:03:18.406266,2026-06-20 01:03:21.864523,0 days 00:00:03.458257,72,13,0.5116552534295473,13,5,651,0.009208955028125347,COMPLETE
141,0.3129874700480949,2026-06-20 01:03:21.864685,2026-06-20 01:03:25.515453,0 days 00:00:03.650768,60,19,0.5468565070702699,13,6,660,0.00913857085042755,COMPLETE
142,0.3124430540102218,2026-06-20 01:03:25.515621,2026-06-20 01:03:29.085422,0 days 00:00:03.569801,63,20,0.5633001349478759,14,6,628,0.008880111923191615,COMPLETE
143,0.31226443405810345,2026-06-20 01:03:29.085589,2026-06-20 01:03:32.984262,0 days 00:00:03.898673,61,19,0.5729231259812995,13,6,674,0.008717646102934172,COMPLETE
144,0.3129353611187023,2026-06-20 01:03:32.984428,2026-06-20 01:03:36.717238,0 days 00:00:03.732810,69,19,0.5382993220932065,13,5,677,0.00919926637432397,COMPLETE
145,0.3126683081236007,2026-06-20 01:03:36.717403,2026-06-20 01:03:40.950018,0 days 00:00:04.232615,65,18,0.6008024588095557,12,7,708,0.009246625498584305,COMPLETE
146,0.31471408009674395,2026-06-20 01:03:40.950182,2026-06-20 01:03:44.081234,0 days 00:00:03.131052,60,4,0.5755643884808048,14,20,661,0.008765841998752546,COMPLETE
147,0.31227658789387525,2026-06-20 01:03:44.081389,2026-06-20 01:03:48.015617,0 days 00:00:03.934228,58,21,0.5542297966840751,13,6,693,0.008750914943083566,COMPLETE
148,0.31295716036868704,2026-06-20 01:03:48.015780,2026-06-20 01:03:51.818065,0 days 00:00:03.802285,58,21,0.5323094024701608,13,6,691,0.009204105329975575,COMPLETE
149,0.3125103417221636,2026-06-20 01:03:51.818219,2026-06-20 01:03:55.576140,0 days 00:00:03.757921,67,20,0.5517202686440476,12,4,643,0.008958669380481971,COMPLETE
